LINK : warning LNK4098: defaultlib 'MSVCRT' conflicts with use of other libs; use /NODEFAULTLIB:library
main.obj : error LNK2019: unresolved external symbol __imp_glewInit referenced in function main
main.obj : error LNK2019: unresolved external symbol __imp___glewBindBuffer referenced in function "void __cdecl CreateTriangle(void)" (?CreateTriangle@@YAXXZ)
main.obj : error LNK2019: unresolved external symbol __imp___glewBufferData referenced in function "void __cdecl CreateTriangle(void)" (?CreateTriangle@@YAXXZ)
main.obj : error LNK2019: unresolved external symbol __imp___glewGenBuffers referenced in function "void __cdecl CreateTriangle(void)" (?CreateTriangle@@YAXXZ)
main.obj : error LNK2019: unresolved external symbol __imp___glewAttachShader referenced in function "void __cdecl AddShader(unsigned int,char const *,unsigned int)" (?AddShader@@YAXIPEBDI@Z)
main.obj : error LNK2019: unresolved external symbol __imp___glewCompileShader referenced in function "void __cdecl AddShader(unsigned int,char const *,unsigned int)" (?AddShader@@YAXIPEBDI@Z)
main.obj : error LNK2019: unresolved external symbol __imp___glewCreateProgram referenced in function "void __cdecl CompileShaders(void)" (?CompileShaders@@YAXXZ)
main.obj : error LNK2019: unresolved external symbol __imp___glewCreateShader referenced in function "void __cdecl AddShader(unsigned int,char const *,unsigned int)" (?AddShader@@YAXIPEBDI@Z)
main.obj : error LNK2019: unresolved external symbol __imp___glewEnableVertexAttribArray referenced in function "void __cdecl CreateTriangle(void)" (?CreateTriangle@@YAXXZ)
main.obj : error LNK2019: unresolved external symbol __imp___glewGetProgramInfoLog referenced in function "void __cdecl CompileShaders(void)" (?CompileShaders@@YAXXZ)
main.obj : error LNK2019: unresolved external symbol __imp___glewGetProgramiv referenced in function "void __cdecl CompileShaders(void)" (?CompileShaders@@YAXXZ)
main.obj : error LNK2019: unresolved external symbol __imp___glewGetShaderInfoLog referenced in function "void __cdecl AddShader(unsigned int,char const *,unsigned int)" (?AddShader@@YAXIPEBDI@Z)
main.obj : error LNK2019: unresolved external symbol __imp___glewGetShaderiv referenced in function "void __cdecl AddShader(unsigned int,char const *,unsigned int)" (?AddShader@@YAXIPEBDI@Z)
main.obj : error LNK2019: unresolved external symbol __imp___glewLinkProgram referenced in function "void __cdecl CompileShaders(void)" (?CompileShaders@@YAXXZ)
main.obj : error LNK2019: unresolved external symbol __imp___glewShaderSource referenced in function "void __cdecl AddShader(unsigned int,char const *,unsigned int)" (?AddShader@@YAXIPEBDI@Z)
main.obj : error LNK2019: unresolved external symbol __imp___glewUseProgram referenced in function main
main.obj : error LNK2019: unresolved external symbol __imp___glewValidateProgram referenced in function "void __cdecl CompileShaders(void)" (?CompileShaders@@YAXXZ)
main.obj : error LNK2019: unresolved external symbol __imp___glewVertexAttribPointer referenced in function "void __cdecl CreateTriangle(void)" (?CreateTriangle@@YAXXZ)
main.obj : error LNK2019: unresolved external symbol __imp___glewBindVertexArray referenced in function "void __cdecl CreateTriangle(void)" (?CreateTriangle@@YAXXZ)
main.obj : error LNK2019: unresolved external symbol __imp___glewGenVertexArrays referenced in function "void __cdecl CreateTriangle(void)" (?CreateTriangle@@YAXXZ)
main.obj : error LNK2019: unresolved external symbol __imp_glewExperimental referenced in function main
C:\Users\Admin\OneDrive\Documents\Visual Studio 2022\Computer_graphic\OpenGLCourseApp\\..\..\External Libs\GLEW\lib\Release\Win32\glew32.lib : warning LNK4272: library machine type 'x86' conflicts with target machine type 'x64'
C:\Users\Admin\OneDrive\Documents\Visual Studio 2022\Computer_graphic\OpenGLCourseApp\x64\Debug\OpenGLCourseApp.exe : fatal error LNK1120: 21 unresolved externals
